0 info it worked if it ends with ok
1 verbose cli [ '/home/bruce/.nvm/v0.10.38/bin/node',
1 verbose cli   '/home/bruce/.nvm/v0.10.38/bin/npm',
1 verbose cli   'run',
1 verbose cli   'typedoc' ]
2 info using npm@1.4.28
3 info using node@v0.10.38
4 verbose run-script [ 'pretypedoc', 'typedoc', 'posttypedoc' ]
5 info pretypedoc entitas@0.0.1
6 info typedoc entitas@0.0.1
7 verbose unsafe-perm in lifecycle true
8 info entitas@0.0.1 Failed to exec typedoc script
9 error entitas@0.0.1 typedoc: `typedoc --theme minimal --module commonjs --target ES5 --out ./build/web lib/entitas`
9 error Exit status 3
10 error Failed at the entitas@0.0.1 typedoc script.
10 error This is most likely a problem with the entitas package,
10 error not with npm itself.
10 error Tell the author that this fails on your system:
10 error     typedoc --theme minimal --module commonjs --target ES5 --out ./build/web lib/entitas
10 error You can get their info via:
10 error     npm owner ls entitas
10 error There is likely additional logging output above.
11 error System Linux 3.13.0-24-generic
12 error command "/home/bruce/.nvm/v0.10.38/bin/node" "/home/bruce/.nvm/v0.10.38/bin/npm" "run" "typedoc"
13 error cwd /home/bruce/Git/entitas
14 error node -v v0.10.38
15 error npm -v 1.4.28
16 error code ELIFECYCLE
17 verbose exit [ 1, true ]
